[debug] [2018-07-23T04:11:44.460Z] ----------------------------------------------------------------------
[debug] [2018-07-23T04:11:44.463Z] Command:       C:\Program Files\nodejs\node.exe C:\Users\phuon\AppData\Roaming\npm\node_modules\firebase-tools\bin\firebase deploy
[debug] [2018-07-23T04:11:44.463Z] CLI Version:   3.19.3
[debug] [2018-07-23T04:11:44.463Z] Platform:      win32
[debug] [2018-07-23T04:11:44.463Z] Node Version:  v10.6.0
[debug] [2018-07-23T04:11:44.471Z] Time:          Mon Jul 23 2018 11:11:44 GMT+0700 (Indochina Time)
[debug] [2018-07-23T04:11:44.471Z] ----------------------------------------------------------------------
[debug] 
[debug] [2018-07-23T04:11:44.496Z] > command requires scopes: ["email","openid","https://www.googleapis.com/auth/cloudplatformprojects.readonly","https://www.googleapis.com/auth/firebase","https://www.googleapis.com/auth/cloud-platform"]
[debug] [2018-07-23T04:11:44.496Z] > authorizing via signed-in user
[debug] [2018-07-23T04:11:44.498Z] > refreshing access token with scopes: ["email","https://www.googleapis.com/auth/cloud-platform","https://www.googleapis.com/auth/cloudplatformprojects.readonly","https://www.googleapis.com/auth/firebase","openid"]
[debug] [2018-07-23T04:11:44.498Z] >>> HTTP REQUEST POST https://www.googleapis.com/oauth2/v3/token  
 { refresh_token: '1/b5_vVLtknRZZYdmkEAx0i8af2JMU9EzmpRMi7I6IbW0',
  client_id:
   '563584335869-fgrhgmd47bqnekij5i8b5pr03ho849e6.apps.googleusercontent.com',
  client_secret: 'j9iVZfS8kkCEFUPaAeJV0sAi',
  grant_type: 'refresh_token',
  scope:
   'email https://www.googleapis.com/auth/cloud-platform https://www.googleapis.com/auth/cloudplatformprojects.readonly https://www.googleapis.com/auth/firebase openid' } 
 Mon Jul 23 2018 11:11:44 GMT+0700 (Indochina Time)
[debug] [2018-07-23T04:11:44.735Z] <<< HTTP RESPONSE 200
[debug] [2018-07-23T04:11:44.741Z] >>> HTTP REQUEST GET https://admin.firebase.com/v1/projects/notice-ea361  
  
 Mon Jul 23 2018 11:11:44 GMT+0700 (Indochina Time)
[debug] [2018-07-23T04:11:45.756Z] <<< HTTP RESPONSE 200
[debug] [2018-07-23T04:11:45.756Z] >>> HTTP REQUEST GET https://admin.firebase.com/v1/database/notice-ea361/tokens  
  
 Mon Jul 23 2018 11:11:45 GMT+0700 (Indochina Time)
[debug] [2018-07-23T04:11:46.548Z] <<< HTTP RESPONSE 200
[info] 
[info] === Deploying to 'notice-ea361'...
[info] 
[info] i  deploying database, hosting
[info] i  database: checking rules syntax...
[debug] [2018-07-23T04:11:47.763Z] >>> HTTP REQUEST PUT https://notice-ea361.firebaseio.com/.settings/rules.json?dryRun=true  
 {
  "rules": {
    ".read": "auth != null",
    ".write": "auth != null"
  }
} 
 Mon Jul 23 2018 11:11:47 GMT+0700 (Indochina Time)
[debug] [2018-07-23T04:11:48.747Z] <<< HTTP RESPONSE 200
[info] +  database: rules syntax for database notice-ea361 is valid
[info] i  hosting: preparing build directory for upload...
[debug] [2018-07-23T04:11:48.923Z] >>> HTTP REQUEST PUT https://deploy.firebase.com/v1/hosting/notice-ea361/uploads/-LI4KVsVpi7wzC1P963j?fileCount=8&message=  
  
 Mon Jul 23 2018 11:11:48 GMT+0700 (Indochina Time)
